#
# There is insufficient memory for the Java Runtime Environment to continue.
# Native memory allocation (mmap) failed to map 67108864 bytes for Failed to commit area from 0x00000000c1400000 to 0x00000000c5400000 of length 67108864.
# Possible reasons:
#   The system is out of physical RAM or swap space
#   The process is running with CompressedOops enabled, and the Java Heap may be blocking the growth of the native heap
# Possible solutions:
#   Reduce memory load on the system
#   Increase physical memory or swap space
#   Check if swap backing store is full
#   Decrease Java heap size (-Xmx/-Xms)
#   Decrease number of Java threads
#   Decrease Java thread stack sizes (-Xss)
#   Set larger code cache with -XX:ReservedCodeCacheSize=
#   JVM is running with Unscaled Compressed Oops mode in which the Java heap is
#     placed in the first 4GB address space. The Java Heap base address is the
#     maximum limit for the native heap growth. Please use -XX:HeapBaseMinAddress
#     to set the Java Heap base and to place the Java Heap above 4GB virtual address.
# This output file may be truncated or incomplete.
#
#  Out of Memory Error (./open/src/hotspot/os/windows/os_windows.cpp:3315), pid=23460, tid=22296
#
# JRE version:  (14.0.1+7) (build )
# Java VM: Java HotSpot(TM) 64-Bit Server VM (14.0.1+7, mixed mode, sharing, tiered, compressed oops, g1 gc, windows-amd64)
# No core dump will be written. Minidumps are not enabled by default on client versions of Windows
#

---------------  S U M M A R Y ------------

Command Line: -Dfile.encoding=Cp1252 WeatherUpdate

Host: Intel(R) Core(TM) i5-8250U CPU @ 1.60GHz, 8 cores, 3G,  Windows 10 , 64 bit Build 18362 (10.0.18362.329)
Time: Sun Jul  5 19:16:26 2020 India Standard Time elapsed time: 0 seconds (0d 0h 0m 0s)

---------------  T H R E A D  ---------------

Current thread (0x000002a43eb1c800):  JavaThread "Unknown thread" [_thread_in_vm, id=22296, stack(0x000000eb0bc00000,0x000000eb0bd00000)]

Stack: [0x000000eb0bc00000,0x000000eb0bd00000]
Native frames: (J=compiled Java code, j=interpreted, Vv=VM code, C=native code)
V  [jvm.dll+0x5f840a]
V  [jvm.dll+0x741e4a]
V  [jvm.dll+0x7435ff]
V  [jvm.dll+0x743c43]
V  [jvm.dll+0x20d288]
V  [jvm.dll+0x5f57ba]
V  [jvm.dll+0x5ea615]
V  [jvm.dll+0x2c7e9c]
V  [jvm.dll+0x2c7cd2]
V  [jvm.dll+0x2cdbbc]
V  [jvm.dll+0x313ff8]
V  [jvm.dll+0x313720]
V  [jvm.dll+0x2a092a]
V  [jvm.dll+0x2a1a79]
V  [jvm.dll+0x71f718]
V  [jvm.dll+0x321c44]
V  [jvm.dll+0x700b0c]
V  [jvm.dll+0x392dff]
V  [jvm.dll+0x394e71]
C  [jli.dll+0x523b]
C  [ucrtbase.dll+0x20e72]
C  [KERNEL32.DLL+0x17bd4]
C  [ntdll.dll+0x6ced1]


---------------  P R O C E S S  ---------------

Threads class SMR info:
_java_thread_list=0x00007ff962003078, length=0, elements={
}

Java Threads: ( => current thread )

Other Threads:
  0x000002a43eb4e800 GCTaskThread "GC Thread#0" [stack: 0x000000eb0bd00000,0x000000eb0be00000] [id=8264]
  0x000002a43eb59800 ConcurrentGCThread "G1 Main Marker" [stack: 0x000000eb0be00000,0x000000eb0bf00000] [id=20056]
  0x000002a43eb5b000 ConcurrentGCThread "G1 Conc#0" [stack: 0x000000eb0bf00000,0x000000eb0c000000] [id=21692]

[error occurred during error reporting (printing all threads), id 0xc0000005, EXCEPTION_ACCESS_VIOLATION (0xc0000005) at pc=0x00007ff961831257]

VM state:not at safepoint (not fully initialized)

VM Mutex/Monitor currently owned by a thread:  ([mutex/lock_event])
[0x000002a43eb19270] Heap_lock - owner thread: 0x000002a43eb1c800

Heap address: 0x00000000c1400000, size: 1004 MB, Compressed Oops mode: 32-bit
Narrow klass base: 0x0000000000000000, Narrow klass shift: 0

GC Heap History (0 events):
No events

Deoptimization events (0 events):
No events

Classes unloaded (0 events):
No events

Classes redefined (0 events):
No events

Internal exceptions (0 events):
No events

Events (2 events):
Event: 0.006 Loaded shared library C:\Program Files\Java\jdk-14.0.1\bin\java.dll
Event: 0.006 Loaded shared library C:\Program Files\Java\jdk-14.0.1\bin\zip.dll


Dynamic libraries:
0x00007ff6c8500000 - 0x00007ff6c850f000 	C:\Program Files\Java\jdk-14.0.1\bin\javaw.exe
0x00007ff99ffc0000 - 0x00007ff9a01b0000 	C:\WINDOWS\SYSTEM32\ntdll.dll
0x00007ff99fec0000 - 0x00007ff99ff72000 	C:\WINDOWS\System32\KERNEL32.DLL
0x00007ff99cf80000 - 0x00007ff99d223000 	C:\WINDOWS\System32\KERNELBASE.dll
0x00007ff99dd50000 - 0x00007ff99de4a000 	C:\WINDOWS\System32\ucrtbase.dll
0x00007ff997ab0000 - 0x00007ff997ac8000 	C:\Program Files\Java\jdk-14.0.1\bin\jli.dll
0x00007ff990be0000 - 0x00007ff990bf5000 	C:\Program Files\Java\jdk-14.0.1\bin\VCRUNTIME140.dll
0x00007ff99e5d0000 - 0x00007ff99e673000 	C:\WINDOWS\System32\ADVAPI32.dll
0x00007ff99fda0000 - 0x00007ff99fe3e000 	C:\WINDOWS\System32\msvcrt.dll
0x00007ff99f9c0000 - 0x00007ff99fa57000 	C:\WINDOWS\System32\sechost.dll
0x00007ff99e980000 - 0x00007ff99eaa0000 	C:\WINDOWS\System32\RPCRT4.dll
0x00007ff99eaa0000 - 0x00007ff99ec34000 	C:\WINDOWS\System32\USER32.dll
0x00007ff99cf50000 - 0x00007ff99cf71000 	C:\WINDOWS\System32\win32u.dll
0x00007ff99c340000 - 0x00007ff99c5c5000 	C:\WINDOWS\WinSxS\amd64_microsoft.windows.common-controls_6595b64144ccf1df_6.0.18362.657_none_e6c5b579130e3898\COMCTL32.dll
0x00007ff99e760000 - 0x00007ff99e786000 	C:\WINDOWS\System32\GDI32.dll
0x00007ff99d9b0000 - 0x00007ff99db44000 	C:\WINDOWS\System32\gdi32full.dll
0x00007ff99fa60000 - 0x00007ff99fd96000 	C:\WINDOWS\System32\combase.dll
0x00007ff99ded0000 - 0x00007ff99df6e000 	C:\WINDOWS\System32\msvcp_win.dll
0x00007ff99de50000 - 0x00007ff99ded0000 	C:\WINDOWS\System32\bcryptPrimitives.dll
0x00007ff994b20000 - 0x00007ff994b2a000 	C:\WINDOWS\SYSTEM32\VERSION.dll
0x00007ff99f640000 - 0x00007ff99f66e000 	C:\WINDOWS\System32\IMM32.DLL
0x00007ff9725c0000 - 0x00007ff97265b000 	C:\Program Files\Java\jdk-14.0.1\bin\msvcp140.dll
0x00007ff961580000 - 0x00007ff96209e000 	C:\Program Files\Java\jdk-14.0.1\bin\server\jvm.dll
0x00007ff99fe40000 - 0x00007ff99fe48000 	C:\WINDOWS\System32\PSAPI.DLL
0x00007ff988dc0000 - 0x00007ff988dc9000 	C:\WINDOWS\SYSTEM32\WSOCK32.dll
0x00007ff9994f0000 - 0x00007ff999514000 	C:\WINDOWS\SYSTEM32\WINMM.dll
0x00007ff99fe50000 - 0x00007ff99febf000 	C:\WINDOWS\System32\WS2_32.dll
0x00007ff999260000 - 0x00007ff99928d000 	C:\WINDOWS\SYSTEM32\winmmbase.dll
0x00007ff99e020000 - 0x00007ff99e06a000 	C:\WINDOWS\System32\cfgmgr32.dll
0x00007ff99cec0000 - 0x00007ff99ced1000 	C:\WINDOWS\System32\kernel.appcore.dll
0x00007ff98e1e0000 - 0x00007ff98e1ea000 	C:\Program Files\Java\jdk-14.0.1\bin\jimage.dll
0x00007ff99c810000 - 0x00007ff99ca04000 	C:\WINDOWS\SYSTEM32\DBGHELP.DLL
0x00007ff99c6c0000 - 0x00007ff99c6ea000 	C:\WINDOWS\SYSTEM32\dbgcore.DLL
0x00007ff96c530000 - 0x00007ff96c555000 	C:\Program Files\Java\jdk-14.0.1\bin\java.dll
0x00007ff96b820000 - 0x00007ff96b836000 	C:\Program Files\Java\jdk-14.0.1\bin\zip.dll

dbghelp: loaded successfully - version: 4.0.5 - missing functions: none
symbol engine: initialized successfully - sym options: 0x614 - pdb path: .;C:\Program Files\Java\jdk-14.0.1\bin;C:\WINDOWS\SYSTEM32;C:\WINDOWS\WinSxS\amd64_microsoft.windows.common-controls_6595b64144ccf1df_6.0.18362.657_none_e6c5b579130e3898;C:\Program Files\Java\jdk-14.0.1\bin\server

VM Arguments:
jvm_args: -Dfile.encoding=Cp1252 
java_command: WeatherUpdate
java_class_path (initial): C:\Users\HP\eclipse-workspace\WeatherUpdateProject\bin;C:\Users\HP\eclipse-workspace\java-json.jar\java-json.jar;C:\Users\HP\eclipse-workspace\java-json.jar\json_simple.jar;C:\Users\HP\eclipse-workspace\java-json.jar\json_simple-1.1.jar
Launcher Type: SUN_STANDARD

[Global flags]
     intx CICompilerCount                          = 4                                         {product} {ergonomic}
     uint ConcGCThreads                            = 2                                         {product} {ergonomic}
     uint G1ConcRefinementThreads                  = 8                                         {product} {ergonomic}
   size_t G1HeapRegionSize                         = 1048576                                   {product} {ergonomic}
    uintx GCDrainStackTargetSize                   = 64                                        {product} {ergonomic}
   size_t InitialHeapSize                          = 67108864                                  {product} {ergonomic}
   size_t MarkStackSize                            = 4194304                                   {product} {ergonomic}
   size_t MaxHeapSize                              = 1052770304                                {product} {ergonomic}
   size_t MinHeapDeltaBytes                        = 1048576                                   {product} {ergonomic}
   size_t MinHeapSize                              = 8388608                                   {product} {ergonomic}
    uintx NonNMethodCodeHeapSize                   = 5839372                                {pd product} {ergonomic}
    uintx NonProfiledCodeHeapSize                  = 122909434                              {pd product} {ergonomic}
    uintx ProfiledCodeHeapSize                     = 122909434                              {pd product} {ergonomic}
    uintx ReservedCodeCacheSize                    = 251658240                              {pd product} {ergonomic}
     bool SegmentedCodeCache                       = true                                      {product} {ergonomic}
   size_t SoftMaxHeapSize                          = 1052770304                             {manageable} {ergonomic}
     bool UseCompressedClassPointers               = true                                 {lp64_product} {ergonomic}
     bool UseCompressedOops                        = true                                 {lp64_product} {ergonomic}
     bool UseG1GC                                  = true                                      {product} {ergonomic}
     bool UseLargePagesIndividualAllocation        = false                                  {pd product} {ergonomic}

Logging:
Log output configuration:
 #0: stdout all=warning uptime,level,tags
 #1: stderr all=off uptime,level,tags

Environment Variables:
PATH=C:/Program Files/Java/jdk-14.0.1/bin/server;C:/Program Files/Java/jdk-14.0.1/bin;C:\Program Files (x86)\Intel\Intel(R) Management Engine Components\iCLS\;C:\Program Files\Intel\Intel(R) Management Engine Components\iCLS\;C:\WINDOWS\system32;C:\WINDOWS;C:\WINDOWS\System32\Wbem;C:\WINDOWS\System32\WindowsPowerShell\v1.0\;C:\WINDOWS\System32\OpenSSH\;C:\Program Files (x86)\Intel\Intel(R) Management Engine Components\DAL;C:\Program Files\Intel\Intel(R) Management Engine Components\DAL;C:\Program Files (x86)\Intel\Intel(R) Management Engine Components\IPT;C:\Program Files\Intel\Intel(R) Management Engine Components\IPT;C:\Program Files\dotnet\;C:\Program Files\nodejs\;C:\Program Files\Java\jdk-14.0.1\bin;C:\Program Files\MongoDB\Server\4.2\bin;C:\Users\HP\AppData\Local\Programs\Python\Python36\Scripts;C:\Users\HP\AppData\Local\Microsoft\WindowsApps;C:\Users\HP\AppData\Roaming\npm;C:\Users\HP\AppData\Local\Programs\Microsoft VS Code\bin;;C:\Users\HP\Desktop;
USERNAME=HP
OS=Windows_NT
PROCESSOR_IDENTIFIER=Intel64 Family 6 Model 142 Stepping 10, GenuineIntel



---------------  S Y S T E M  ---------------

OS: Windows 10 , 64 bit Build 18362 (10.0.18362.329)
OS uptime: 2 days 1:36 hours

CPU:total 8 (initial active 8) (4 cores per cpu, 2 threads per core) family 6 model 142 stepping 10, cmov, cx8, fxsr, mmx, sse, sse2, sse3, ssse3, sse4.1, sse4.2, popcnt, avx, avx2, aes, clmul, erms, 3dnowpref, lzcnt, ht, tsc, tscinvbit, bmi1, bmi2, adx, fma

Memory: 4k page, system-wide physical 4011M (438M free)
TotalPageFile size 16299M (AvailPageFile size 23M)
current process WorkingSet (physical memory assigned to process): 10M, peak: 10M
current process commit charge ("private bytes"): 60M, peak: 124M

vm_info: Java HotSpot(TM) 64-Bit Server VM (14.0.1+7) for windows-amd64 JRE (14.0.1+7), built on Mar  5 2020 10:30:14 by "mach5one" with MS VC++ 15.9 (VS2017)

END.
